<?xml version="1.0" encoding="UTF-8" ?>
<testsuite tests="2" failures="0" name="TestCases.TestCase3" time="0.59" errors="2" skipped="0">
  <properties>
[...]
</properties>
  <testcase classname="TestCases.TestCase3" name="test3" time="0.294">
    <error message="&apos;java.lang.String org.apache.commons.io.IOUtils.toString(java.io.InputStream, java.nio.charset.Charset)&apos;" type="java.lang.NoSuchMethodError">java.lang.NoSuchMethodError: &apos;java.lang.String org.apache.commons.io.IOUtils.toString(java.io.InputStream, java.nio.charset.Charset)&apos;
	at io.github.bonigarcia.wdm.versions.VersionDetector.getProperties(VersionDetector.java:302)
	at io.github.bonigarcia.wdm.versions.VersionDetector.getBrowserVersionFromTheShell(VersionDetector.java:202)
	at io.github.bonigarcia.wdm.WebDriverManager.getBrowserVersionFromTheShell(WebDriverManager.java:1336)
	at io.github.bonigarcia.wdm.WebDriverManager.detectBrowserVersion(WebDriverManager.java:1356)
	at io.github.bonigarcia.wdm.WebDriverManager.resolveDriverVersion(WebDriverManager.java:1219)
	at io.github.bonigarcia.wdm.WebDriverManager.manage(WebDriverManager.java:1169)
	at io.github.bonigarcia.wdm.WebDriverManager.setup(WebDriverManager.java:419)
	at helpers.Page.browserInfo(Page.java:19)
	at TestCases.TestCase3.setup(TestCase3.java:36)
	at java.base/jdk.internal.reflect.DirectMethodHandleAccessor.invoke(DirectMethodHandleAccessor.java:104)
	at java.base/java.lang.reflect.Method.invoke(Method.java:577)
	at org.junit.runners.model.FrameworkMethod$1.runReflectiveCall(FrameworkMethod.java:44)
	at org.junit.internal.runners.model.ReflectiveCallable.run(ReflectiveCallable.java:15)
	at org.junit.runners.model.FrameworkMethod.invokeExplosively(FrameworkMethod.java:41)
	at org.junit.internal.runners.statements.RunBefores.evaluate(RunBefores.java:27)
	at org.junit.internal.runners.statements.RunAfters.evaluate(RunAfters.java:31)
	at org.junit.runners.BlockJUnit4ClassRunner.runNotIgnored(BlockJUnit4ClassRunner.java:79)
	at org.junit.runners.BlockJUnit4ClassRunner.runChild(BlockJUnit4ClassRunner.java:71)
	at org.junit.runners.BlockJUnit4ClassRunner.runChild(BlockJUnit4ClassRunner.java:49)
	at org.junit.runners.ParentRunner$3.run(ParentRunner.java:193)
	at org.junit.runners.ParentRunner$1.schedule(ParentRunner.java:52)
	at org.junit.runners.ParentRunner.runChildren(ParentRunner.java:191)
	at org.junit.runners.ParentRunner.access$000(ParentRunner.java:42)
	at org.junit.runners.ParentRunner$2.evaluate(ParentRunner.java:184)
	at org.junit.runners.ParentRunner.run(ParentRunner.java:236)
	at org.apache.maven.surefire.junit4.JUnit4Provider.execute(JUnit4Provider.java:252)
	at org.apache.maven.surefire.junit4.JUnit4Provider.executeTestSet(JUnit4Provider.java:141)
	at org.apache.maven.surefire.junit4.JUnit4Provider.invoke(JUnit4Provider.java:112)
	at java.base/jdk.internal.reflect.DirectMethodHandleAccessor.invoke(DirectMethodHandleAccessor.java:104)
	at java.base/java.lang.reflect.Method.invoke(Method.java:577)
	at org.apache.maven.surefire.util.ReflectionUtils.invokeMethodWithArray(ReflectionUtils.java:189)
	at org.apache.maven.surefire.booter.ProviderFactory$ProviderProxy.invoke(ProviderFactory.java:165)
	at org.apache.maven.surefire.booter.ProviderFactory.invokeProvider(ProviderFactory.java:85)
	at org.apache.maven.surefire.booter.ForkedBooter.runSuitesInProcess(ForkedBooter.java:115)
	at org.apache.maven.surefire.booter.ForkedBooter.main(ForkedBooter.java:75)
</error>
    <system-out>16:05:07.982 [main] DEBUG o.a.h.c.h.i.c.InternalHttpClient - ex-0000000003 preparing request execution
16:05:07.984 [main] DEBUG o.a.h.c.h.impl.classic.ProtocolExec - ex-0000000003 target auth state: UNCHALLENGED
16:05:07.985 [main] DEBUG o.a.h.c.h.impl.classic.ProtocolExec - ex-0000000003 proxy auth state: UNCHALLENGED
16:05:07.985 [main] DEBUG o.a.h.c.h.impl.classic.ConnectExec - ex-0000000003 acquiring connection with route {s}-&gt;https://raw.githubusercontent.com:443
16:05:07.985 [main] DEBUG o.a.h.c.h.i.c.InternalHttpClient - ex-0000000003 acquiring endpoint (3 MINUTES)
16:05:07.988 [main] DEBUG o.a.h.c.h.i.i.PoolingHttpClientConnectionManager - ex-0000000003 endpoint lease request (3 MINUTES) [route: {s}-&gt;https://raw.githubusercontent.com:443][total available: 0; route allocated: 0 of 5; total allocated: 0 of 25]
16:05:07.988 [main] DEBUG o.a.h.c.h.i.i.PoolingHttpClientConnectionManager - ex-0000000003 endpoint leased [route: {s}-&gt;https://raw.githubusercontent.com:443][total available: 0; route allocated: 1 of 5; total allocated: 1 of 25]
16:05:07.989 [main] DEBUG o.a.h.c.h.i.i.PoolingHttpClientConnectionManager - ex-0000000003 acquired ep-0000000003
16:05:07.989 [main] DEBUG o.a.h.c.h.i.c.InternalHttpClient - ex-0000000003 acquired endpoint ep-0000000003
16:05:07.989 [main] DEBUG o.a.h.c.h.impl.classic.ConnectExec - ex-0000000003 opening connection {s}-&gt;https://raw.githubusercontent.com:443
16:05:07.989 [main] DEBUG o.a.h.c.h.i.c.InternalHttpClient - ep-0000000003 connecting endpoint (null)
16:05:07.990 [main] DEBUG o.a.h.c.h.i.i.PoolingHttpClientConnectionManager - ep-0000000003 connecting endpoint to https://raw.githubusercontent.com:443 (30 SECONDS)
16:05:07.990 [main] DEBUG o.a.h.c.h.i.i.DefaultHttpClientConnectionOperator - raw.githubusercontent.com resolving remote address
16:05:07.990 [main] DEBUG o.a.h.c.h.i.i.DefaultHttpClientConnectionOperator - raw.githubusercontent.com resolved to [raw.githubusercontent.com/185.199.110.133, raw.githubusercontent.com/185.199.111.133, raw.githubusercontent.com/185.199.108.133, raw.githubusercontent.com/185.199.109.133, raw.githubusercontent.com/2606:50c0:8003:0:0:0:0:154, raw.githubusercontent.com/2606:50c0:8000:0:0:0:0:154, raw.githubusercontent.com/2606:50c0:8001:0:0:0:0:154, raw.githubusercontent.com/2606:50c0:8002:0:0:0:0:154]
16:05:07.991 [main] DEBUG o.a.h.c.h.i.i.DefaultHttpClientConnectionOperator - raw.githubusercontent.com:443 connecting null-&gt;raw.githubusercontent.com/185.199.110.133:443 (30 SECONDS)
16:05:07.994 [main] DEBUG o.a.h.c.h.s.SSLConnectionSocketFactory - Connecting socket to raw.githubusercontent.com/185.199.110.133:443 with timeout 30 SECONDS
16:05:08.024 [main] DEBUG o.a.h.c.h.s.SSLConnectionSocketFactory - Enabled protocols: [TLSv1.3, TLSv1.2]
16:05:08.029 [main] DEBUG o.a.h.c.h.s.SSLConnectionSocketFactory - Enabled cipher suites: [TLS_AES_256_GCM_SHA384, TLS_AES_128_GCM_SHA256, TLS_CHACHA20_POLY1305_SHA256, TLS_ECDHE_ECDSA_WITH_AES_256_GCM_SHA384, TLS_ECDHE_ECDSA_WITH_AES_128_GCM_SHA256, TLS_ECDHE_ECDSA_WITH_CHACHA20_POLY1305_SHA256, TLS_ECDHE_RSA_WITH_AES_256_GCM_SHA384, TLS_ECDHE_RSA_WITH_CHACHA20_POLY1305_SHA256, TLS_ECDHE_RSA_WITH_AES_128_GCM_SHA256, TLS_DHE_RSA_WITH_AES_256_GCM_SHA384, TLS_DHE_RSA_WITH_CHACHA20_POLY1305_SHA256, TLS_DHE_DSS_WITH_AES_256_GCM_SHA384, TLS_DHE_RSA_WITH_AES_128_GCM_SHA256, TLS_DHE_DSS_WITH_AES_128_GCM_SHA256, TLS_ECDHE_ECDSA_WITH_AES_256_CBC_SHA384, TLS_ECDHE_RSA_WITH_AES_256_CBC_SHA384, TLS_ECDHE_ECDSA_WITH_AES_128_CBC_SHA256, TLS_ECDHE_RSA_WITH_AES_128_CBC_SHA256, TLS_DHE_RSA_WITH_AES_256_CBC_SHA256, TLS_DHE_DSS_WITH_AES_256_CBC_SHA256, TLS_DHE_RSA_WITH_AES_128_CBC_SHA256, TLS_DHE_DSS_WITH_AES_128_CBC_SHA256, TLS_ECDH_ECDSA_WITH_AES_256_GCM_SHA384, TLS_ECDH_RSA_WITH_AES_256_GCM_SHA384, TLS_ECDH_ECDSA_WITH_AES_128_GCM_SHA256, TLS_ECDH_RSA_WITH_AES_128_GCM_SHA256, TLS_ECDH_ECDSA_WITH_AES_256_CBC_SHA384, TLS_ECDH_RSA_WITH_AES_256_CBC_SHA384, TLS_ECDH_ECDSA_WITH_AES_128_CBC_SHA256, TLS_ECDH_RSA_WITH_AES_128_CBC_SHA256, TLS_ECDHE_ECDSA_WITH_AES_256_CBC_SHA, TLS_ECDHE_RSA_WITH_AES_256_CBC_SHA, TLS_ECDHE_ECDSA_WITH_AES_128_CBC_SHA, TLS_ECDHE_RSA_WITH_AES_128_CBC_SHA, TLS_DHE_RSA_WITH_AES_256_CBC_SHA, TLS_DHE_DSS_WITH_AES_256_CBC_SHA, TLS_DHE_RSA_WITH_AES_128_CBC_SHA, TLS_DHE_DSS_WITH_AES_128_CBC_SHA, TLS_ECDH_ECDSA_WITH_AES_256_CBC_SHA, TLS_ECDH_RSA_WITH_AES_256_CBC_SHA, TLS_ECDH_ECDSA_WITH_AES_128_CBC_SHA, TLS_ECDH_RSA_WITH_AES_128_CBC_SHA, TLS_RSA_WITH_AES_256_GCM_SHA384, TLS_RSA_WITH_AES_128_GCM_SHA256, TLS_RSA_WITH_AES_256_CBC_SHA256, TLS_RSA_WITH_AES_128_CBC_SHA256, TLS_RSA_WITH_AES_256_CBC_SHA, TLS_RSA_WITH_AES_128_CBC_SHA, TLS_EMPTY_RENEGOTIATION_INFO_SCSV]
16:05:08.030 [main] DEBUG o.a.h.c.h.s.SSLConnectionSocketFactory - Starting handshake (null)
16:05:08.144 [main] DEBUG o.a.h.c.h.s.SSLConnectionSocketFactory - Secure session established
16:05:08.145 [main] DEBUG o.a.h.c.h.s.SSLConnectionSocketFactory -  negotiated protocol: TLSv1.3
16:05:08.145 [main] DEBUG o.a.h.c.h.s.SSLConnectionSocketFactory -  negotiated cipher suite: TLS_AES_128_GCM_SHA256
16:05:08.145 [main] DEBUG o.a.h.c.h.s.SSLConnectionSocketFactory -  peer principal: CN=*.github.io, O=&quot;GitHub, Inc.&quot;, L=San Francisco, ST=California, C=US
16:05:08.145 [main] DEBUG o.a.h.c.h.s.SSLConnectionSocketFactory -  peer alternative names: [*.github.io, github.io, *.github.com, github.com, www.github.com, *.githubusercontent.com, githubusercontent.com]
16:05:08.146 [main] DEBUG o.a.h.c.h.s.SSLConnectionSocketFactory -  issuer principal: CN=DigiCert TLS RSA SHA256 2020 CA1, O=DigiCert Inc, C=US
16:05:08.146 [main] DEBUG o.a.h.c.h.i.i.DefaultManagedHttpClientConnection - http-outgoing-2 set socket timeout to 3 MINUTES
16:05:08.147 [main] DEBUG o.a.h.c.h.i.i.DefaultHttpClientConnectionOperator - raw.githubusercontent.com:443 connected null-&gt;raw.githubusercontent.com/185.199.110.133:443 as http-outgoing-2
16:05:08.147 [main] DEBUG o.a.h.c.h.i.i.PoolingHttpClientConnectionManager - ep-0000000003 connected http-outgoing-2
16:05:08.150 [main] DEBUG o.a.h.c.h.i.c.InternalHttpClient - ep-0000000003 endpoint connected
16:05:08.150 [main] DEBUG o.a.h.c.h.i.classic.MainClientExec - ex-0000000003 executing GET /bonigarcia/webdrivermanager/master/src/main/resources/commands.properties HTTP/1.1
16:05:08.150 [main] DEBUG o.a.h.c.h.protocol.RequestAddCookies - ex-0000000003 Cookie spec selected: strict
16:05:08.151 [main] DEBUG o.a.h.c.h.i.c.InternalHttpClient - ep-0000000003 start execution ex-0000000003
16:05:08.151 [main] DEBUG o.a.h.c.h.i.i.PoolingHttpClientConnectionManager - ep-0000000003 executing exchange ex-0000000003 over http-outgoing-2
16:05:08.152 [main] DEBUG org.apache.hc.client5.http.headers - http-outgoing-2 &gt;&gt; GET /bonigarcia/webdrivermanager/master/src/main/resources/commands.properties HTTP/1.1
16:05:08.152 [main] DEBUG org.apache.hc.client5.http.headers - http-outgoing-2 &gt;&gt; user-agent: Apache-HttpClient/5.0
16:05:08.152 [main] DEBUG org.apache.hc.client5.http.headers - http-outgoing-2 &gt;&gt; accept-encoding: gzip, deflate, br
16:05:08.153 [main] DEBUG org.apache.hc.client5.http.headers - http-outgoing-2 &gt;&gt; cache-control: max-age=0
16:05:08.153 [main] DEBUG org.apache.hc.client5.http.headers - http-outgoing-2 &gt;&gt; connection: keep-alive
16:05:08.153 [main] DEBUG org.apache.hc.client5.http.headers - http-outgoing-2 &gt;&gt; Host: raw.githubusercontent.com
16:05:08.153 [main] DEBUG org.apache.hc.client5.http.wire - http-outgoing-2 &gt;&gt; &quot;GET /bonigarcia/webdrivermanager/master/src/main/resources/commands.properties HTTP/1.1[\r][\n]&quot;
16:05:08.153 [main] DEBUG org.apache.hc.client5.http.wire - http-outgoing-2 &gt;&gt; &quot;user-agent: Apache-HttpClient/5.0[\r][\n]&quot;
16:05:08.154 [main] DEBUG org.apache.hc.client5.http.wire - http-outgoing-2 &gt;&gt; &quot;accept-encoding: gzip, deflate, br[\r][\n]&quot;
16:05:08.154 [main] DEBUG org.apache.hc.client5.http.wire - http-outgoing-2 &gt;&gt; &quot;cache-control: max-age=0[\r][\n]&quot;
16:05:08.154 [main] DEBUG org.apache.hc.client5.http.wire - http-outgoing-2 &gt;&gt; &quot;connection: keep-alive[\r][\n]&quot;
16:05:08.154 [main] DEBUG org.apache.hc.client5.http.wire - http-outgoing-2 &gt;&gt; &quot;Host: raw.githubusercontent.com[\r][\n]&quot;
16:05:08.154 [main] DEBUG org.apache.hc.client5.http.wire - http-outgoing-2 &gt;&gt; &quot;[\r][\n]&quot;
16:05:08.180 [main] DEBUG org.apache.hc.client5.http.wire - http-outgoing-2 &lt;&lt; &quot;HTTP/1.1 200 OK[\r][\n]&quot;
16:05:08.180 [main] DEBUG org.apache.hc.client5.http.wire - http-outgoing-2 &lt;&lt; &quot;Connection: keep-alive[\r][\n]&quot;
16:05:08.180 [main] DEBUG org.apache.hc.client5.http.wire - http-outgoing-2 &lt;&lt; &quot;Content-Length: 723[\r][\n]&quot;
16:05:08.180 [main] DEBUG org.apache.hc.client5.http.wire - http-outgoing-2 &lt;&lt; &quot;Cache-Control: max-age=86400[\r][\n]&quot;
16:05:08.180 [main] DEBUG org.apache.hc.client5.http.wire - http-outgoing-2 &lt;&lt; &quot;Content-Security-Policy: default-src &apos;none&apos;; style-src &apos;unsafe-inline&apos;; sandbox[\r][\n]&quot;
16:05:08.180 [main] DEBUG org.apache.hc.client5.http.wire - http-outgoing-2 &lt;&lt; &quot;Content-Type: text/plain; charset=utf-8[\r][\n]&quot;
16:05:08.181 [main] DEBUG org.apache.hc.client5.http.wire - http-outgoing-2 &lt;&lt; &quot;ETag: W/&quot;e82b438271e9e8680c688b0b680efd0bdd22faa6d6f0a32fc1fd8accc486b67e&quot;[\r][\n]&quot;
16:05:08.181 [main] DEBUG org.apache.hc.client5.http.wire - http-outgoing-2 &lt;&lt; &quot;Strict-Transport-Security: max-age=31536000[\r][\n]&quot;
16:05:08.181 [main] DEBUG org.apache.hc.client5.http.wire - http-outgoing-2 &lt;&lt; &quot;X-Content-Type-Options: nosniff[\r][\n]&quot;
16:05:08.181 [main] DEBUG org.apache.hc.client5.http.wire - http-outgoing-2 &lt;&lt; &quot;X-Frame-Options: deny[\r][\n]&quot;
16:05:08.181 [main] DEBUG org.apache.hc.client5.http.wire - http-outgoing-2 &lt;&lt; &quot;X-XSS-Protection: 1; mode=block[\r][\n]&quot;
16:05:08.183 [main] DEBUG org.apache.hc.client5.http.wire - http-outgoing-2 &lt;&lt; &quot;X-GitHub-Request-Id: C12A:19BB:10644E:23DD82:63E6B27C[\r][\n]&quot;
16:05:08.183 [main] DEBUG org.apache.hc.client5.http.wire - http-outgoing-2 &lt;&lt; &quot;Content-Encoding: gzip[\r][\n]&quot;
16:05:08.183 [main] DEBUG org.apache.hc.client5.http.wire - http-outgoing-2 &lt;&lt; &quot;Accept-Ranges: bytes[\r][\n]&quot;
16:05:08.183 [main] DEBUG org.apache.hc.client5.http.wire - http-outgoing-2 &lt;&lt; &quot;Date: Sat, 04 Mar 2023 05:05:08 GMT[\r][\n]&quot;
16:05:08.184 [main] DEBUG org.apache.hc.client5.http.wire - http-outgoing-2 &lt;&lt; &quot;Via: 1.1 varnish[\r][\n]&quot;
16:05:08.184 [main] DEBUG org.apache.hc.client5.http.wire - http-outgoing-2 &lt;&lt; &quot;X-Served-By: cache-adl2040024-ADL[\r][\n]&quot;
16:05:08.184 [main] DEBUG org.apache.hc.client5.http.wire - http-outgoing-2 &lt;&lt; &quot;X-Cache: HIT[\r][\n]&quot;
16:05:08.184 [main] DEBUG org.apache.hc.client5.http.wire - http-outgoing-2 &lt;&lt; &quot;X-Cache-Hits: 15[\r][\n]&quot;
16:05:08.184 [main] DEBUG org.apache.hc.client5.http.wire - http-outgoing-2 &lt;&lt; &quot;X-Timer: S1677906308.234443,VS0,VE0[\r][\n]&quot;
16:05:08.184 [main] DEBUG org.apache.hc.client5.http.wire - http-outgoing-2 &lt;&lt; &quot;Vary: Authorization,Accept-Encoding,Origin[\r][\n]&quot;
16:05:08.184 [main] DEBUG org.apache.hc.client5.http.wire - http-outgoing-2 &lt;&lt; &quot;Access-Control-Allow-Origin: *[\r][\n]&quot;
16:05:08.184 [main] DEBUG org.apache.hc.client5.http.wire - http-outgoing-2 &lt;&lt; &quot;X-Fastly-Request-ID: 4c0bb28f0122317cfdfd49df0b6327e06b8a4195[\r][\n]&quot;
16:05:08.184 [main] DEBUG org.apache.hc.client5.http.wire - http-outgoing-2 &lt;&lt; &quot;Expires: Sat, 04 Mar 2023 05:10:08 GMT[\r][\n]&quot;
16:05:08.185 [main] DEBUG org.apache.hc.client5.http.wire - http-outgoing-2 &lt;&lt; &quot;Source-Age: 1[\r][\n]&quot;
16:05:08.185 [main] DEBUG org.apache.hc.client5.http.wire - http-outgoing-2 &lt;&lt; &quot;[\r][\n]&quot;
16:05:08.186 [main] DEBUG org.apache.hc.client5.http.headers - http-outgoing-2 &lt;&lt; HTTP/1.1 200 OK
16:05:08.186 [main] DEBUG org.apache.hc.client5.http.headers - http-outgoing-2 &lt;&lt; Connection: keep-alive
16:05:08.186 [main] DEBUG org.apache.hc.client5.http.headers - http-outgoing-2 &lt;&lt; Content-Length: 723
16:05:08.186 [main] DEBUG org.apache.hc.client5.http.headers - http-outgoing-2 &lt;&lt; Cache-Control: max-age=86400
16:05:08.186 [main] DEBUG org.apache.hc.client5.http.headers - http-outgoing-2 &lt;&lt; Content-Security-Policy: default-src &apos;none&apos;; style-src &apos;unsafe-inline&apos;; sandbox
16:05:08.186 [main] DEBUG org.apache.hc.client5.http.headers - http-outgoing-2 &lt;&lt; Content-Type: text/plain; charset=utf-8
16:05:08.186 [main] DEBUG org.apache.hc.client5.http.headers - http-outgoing-2 &lt;&lt; ETag: W/&quot;e82b438271e9e8680c688b0b680efd0bdd22faa6d6f0a32fc1fd8accc486b67e&quot;
16:05:08.186 [main] DEBUG org.apache.hc.client5.http.headers - http-outgoing-2 &lt;&lt; Strict-Transport-Security: max-age=31536000
16:05:08.187 [main] DEBUG org.apache.hc.client5.http.headers - http-outgoing-2 &lt;&lt; X-Content-Type-Options: nosniff
16:05:08.187 [main] DEBUG org.apache.hc.client5.http.headers - http-outgoing-2 &lt;&lt; X-Frame-Options: deny
16:05:08.187 [main] DEBUG org.apache.hc.client5.http.headers - http-outgoing-2 &lt;&lt; X-XSS-Protection: 1; mode=block
16:05:08.187 [main] DEBUG org.apache.hc.client5.http.headers - http-outgoing-2 &lt;&lt; X-GitHub-Request-Id: C12A:19BB:10644E:23DD82:63E6B27C
16:05:08.187 [main] DEBUG org.apache.hc.client5.http.headers - http-outgoing-2 &lt;&lt; Content-Encoding: gzip
16:05:08.187 [main] DEBUG org.apache.hc.client5.http.headers - http-outgoing-2 &lt;&lt; Accept-Ranges: bytes
16:05:08.187 [main] DEBUG org.apache.hc.client5.http.headers - http-outgoing-2 &lt;&lt; Date: Sat, 04 Mar 2023 05:05:08 GMT
16:05:08.187 [main] DEBUG org.apache.hc.client5.http.headers - http-outgoing-2 &lt;&lt; Via: 1.1 varnish
16:05:08.187 [main] DEBUG org.apache.hc.client5.http.headers - http-outgoing-2 &lt;&lt; X-Served-By: cache-adl2040024-ADL
16:05:08.187 [main] DEBUG org.apache.hc.client5.http.headers - http-outgoing-2 &lt;&lt; X-Cache: HIT
16:05:08.187 [main] DEBUG org.apache.hc.client5.http.headers - http-outgoing-2 &lt;&lt; X-Cache-Hits: 15
16:05:08.187 [main] DEBUG org.apache.hc.client5.http.headers - http-outgoing-2 &lt;&lt; X-Timer: S1677906308.234443,VS0,VE0
16:05:08.188 [main] DEBUG org.apache.hc.client5.http.headers - http-outgoing-2 &lt;&lt; Vary: Authorization,Accept-Encoding,Origin
16:05:08.188 [main] DEBUG org.apache.hc.client5.http.headers - http-outgoing-2 &lt;&lt; Access-Control-Allow-Origin: *
16:05:08.188 [main] DEBUG org.apache.hc.client5.http.headers - http-outgoing-2 &lt;&lt; X-Fastly-Request-ID: 4c0bb28f0122317cfdfd49df0b6327e06b8a4195
16:05:08.188 [main] DEBUG org.apache.hc.client5.http.headers - http-outgoing-2 &lt;&lt; Expires: Sat, 04 Mar 2023 05:10:08 GMT
16:05:08.188 [main] DEBUG org.apache.hc.client5.http.headers - http-outgoing-2 &lt;&lt; Source-Age: 1
16:05:08.189 [main] DEBUG o.a.h.c.h.i.classic.MainClientExec - ex-0000000003 connection can be kept alive for 3 MINUTES
16:05:08.199 [main] DEBUG org.apache.hc.client5.http.wire - http-outgoing-2 &lt;&lt; &quot;[0x1f][0xffffff8b][0x8][0x0][0x0][0x0][0x0][0x0][0x0][0x3][0xffffffb5]V]o[0xffffffda]0[0x14]}[0xffffffe7]W\[0xffffff81]*[0xffffffb5][0x12][0x1f][[M[0xffffffd3]$[0x1e]hF[0xffffffbb]i [0x18][0xffffffb4][0xffffffdd]&amp;[0xfffffff9][0xffffffc5]$7[0xffffffc1]R[0x12]#;[0xffffff94]v[0xffffffbf]~[0xffffffb6][0xfffffff3]1[0xffffff92][0xffffff9a][0xffffffc1][0x1a]x[0xffffffcb][0xffffffb5][0xffffffaf][0xffffffcf]9[0xffffffbe][0xfffffff7]8v[0xb][0x1c][0x1e]E4[0xfffffff6]$x4[0xffffffa1][0xb]*[0xffffffb1][0xffffffd1][0xffffff82][0xfffffffb]%[0xffffff93][0xffffffe0][0xffffffb3][0x10][0xffffffc1][0xffffffe5]qBY,!Y[0xffffffea] KM8,[0x10][0xfffffff0][0x19][0xffffffdd]u[0xffffff82][0x1e][0xffffffb0][0xffffffd8]L[0xffffffcb]%[0xffffff86][0xffffffa1][0xe][0xffffffb8][0xfffffff0]P[0xffffffe8]$[0xf][0x13]t[0x13]3[0xfffffff9][0xffffff84]B2[0xffffffae][0xffffffe6]|@[0xfffffff5][0x1d][0x8][0xffffffc4][0x18][0x16][0xffffff82]o[0xffffffa4][0xffffff9a]P[0xffffff94][0xffffffe7][0xffffffce]R[0xfffffff0][0x8][0xffffffdb]p[0xffffffcb][0x4][0xfffffffa][0xfffffffc][0xffffffb9][\r][0xffffff93][0x15][\n]&quot;
16:05:08.199 [main] DEBUG org.apache.hc.client5.http.wire - http-outgoing-2 &lt;&lt; &quot;[0xffffffda][0xffffff86][0xffffffa1][0x17][0xffffffa8]Q3[0xffffffcb][0xffffffd6][0xffffffd1][0xffffff85][0xffffffc6][0xfffffff7][0xffffff98][0xffffffef][0xffffffa3][0xffffffc0]8[0x1][0xffffffae]s[0x12][0x16][0x7] _d[0xffffff82][0xffffff91][0xffffff84][0xfffffff3][0x1f],[0xfffffff6][0x14]j[0x1b]F,^+[0xffffff98]1ua2[0xffffffbf]h([0xffffff8e][0xffffff94][0xffffffa2][0xffffff91]m[0xffffffa3][0xffffffeb][0xffffff9a][0xffffffb0][0xffffffbb]I[0x17]t[0xffffffdf][0xffffffbd][0xffffffef][0xffffffbb][0xffffff91][0xffffffd7]U[0xffffffbb][0xffffff82][0xffffff9e][0x3][0xffffff9b][0xffffff88][0xffffffb9][0xffffffa6]$[0xffffffa6][0xc][0xffffff9b][0xffffffa5][0xffffffe2][0xffffff83][0xffffff98]F[0xffffffd8]o[0xffffff9e]Mg[0xffffff93][0xffffffbb][0xffffffd9]`|[0xfffffffb]u4[0xffffff9c][0x7f]&quot;}B[0xffffffce][0x8][0xffffffb9][0xffffffe3]&lt;[0x8][0xffffff91][0xffffff90][0xffffff94][0xffffff82][0xffffff90][0xffffffc1]j[0x15]2WI[0xffffffe3]1![0x19][0xffffff91]BnB[0xffffff80][0x9]&lt;f[0xffffffb5][0xffffffe8]=[0xffffffd1]p[0xffffffbd][[0xffffffcf][0xffffffe5][0x1b][0xfffffff4][0xffffff9c][0xffffffff][0xfffffffc][0xfffffff8][0xffffffe1][0xffffffe2][0xffffff94][0xffffffa2][0xffffffae][0xe][0x14]5[0xffffff9a]8[0xffffff83][0xffffffd1]`:[0xfffffffd]&lt;[0xffffffb8][0x1f][0xffffff9c]R[0xffffffcf]u[0x7f]6[0xffffffbc][0xffffff83][0xffffffef][0xf][0xffffffc3][0xffffffd9]/[0xfffffff8][0xfffffff2][0xffffffcd]y s[0xffffffee]&apos;[0x1b]*0g[0xffffffcb][0xffffffc8]nF7H][0xffffff83][0xffffff97]{[0xffffffb1]Q[0x5][\r][0xffffffb5]c[0xffffffb4][0xf][0x2][0xffffffb3][0xffffffb4][0xffffff93][0xe]C[0xffffffa7][0xffffffb3]kAD][0xffffff9d][0xffffffde][0xffffffdb][0xffffffda][0xffffff88][0xffffffec][0xffffffa5][0xffffffbc][0xffffff99][0xffffffd9][0xffffffba]t[0xffffffb5][0xffffffea]9[0xffffffea][0x10])[0xffffffb7][0xffffffca][0xffffff9e][0xfffffff2][0xffffffe2]d^N[0xffffffd8]FW[0x16][0xffffffcd][0xffffffdc]_[0x10][0xfffffff9]i|[0x1c][0xffffff93][0xffffff8e][0xfffffff9]o[0x16][0xffffff86]4&apos;!$G[0xffffffdf]W[0xfffffff4]W*j[[0xfffffff3]xR[0xffffffae][0xffffffb6][0xc][0xffffffd0],; #[0xffffffa9][0xffffff92]5[0xffffffb5][0x7][0xffffff9c][0xffffffb5][0xffffffd0][0x7f][0xffffff90][0xffffffc7]jgs[0xfffffffc][0xffffffc2][0xb][0xffffffd9][0x0]t[0xffffff9e]^&apos;Y[0xfffffffb][0xffffff9f][0xffffffb1][0xffffffd8]:[0xffffffbf][0xffffff8d][0xffffffa5][0xffffff9a][0xffffffad][0x7f]m[0x5]&amp;[0xffffffaa][0xffffffa0]^[0xffffff9b][0xffffffcb][0x5]f[0xffffffae][0xffffffe0]RU[0xffffff82][0x10]MS9l[0xffffff91]4t[0xfffffffb][0xffffff8a]][0xffffffd6][0xfffffff4][0xffffff96][0xffffffa6][0xffffff9f]P[0xffffffce][0xffffffd5][0xffffffce][0xffffff93][0xffffffff][0xffffff97][0xffffffcc]p[0xfffffffd][0xfffffff3][0xffffffe8][0x1b][0xffffffcc][0xffffffa2][0xffffffd9]Q[0xffffffbe][0xffffffb2][0xffffffa3][0xffffffc7]m&apos;[0xffffffdf][0xffffffe4][[0xfffffffb]^[0xffffffb0][0xffffff9a][0xffffffbe][0xffffffda][0xffffffda]_[0xffffffce][0xffffff80][0xffffffd2][0xffffffc1]7[0xffffffb7]][0xffffffc1]b[0xffffffee][0xffffffb5][0xffffffff]w[0xffffff83][0xffffffed][0xffffffa7];[0x15]&lt;[0x10]4[0xffffff92][0xffffff84][0x18][\n]&quot;
16:05:08.200 [main] DEBUG org.apache.hc.client5.http.wire - http-outgoing-2 &lt;&lt; &quot;BB[0xffffffba][0xffffff8e]][0xffffffb5]jo[0xffffffb9]+&quot;[0xffffffea][0xffffffb4][0xffffffff]h&quot;[0xffffffea]\?5[0xffffffa9][0xffffffaf]k[0xffffffec][0xffffffff]P[0xffffffea][\n]&quot;
16:05:08.200 [main] DEBUG org.apache.hc.client5.http.wire - http-outgoing-2 &lt;&lt; &quot;w[0xffffffe1]K[0x13][0xffffffda][0xffffffec][0xffffff98][0xffffffe6]Y[0xfffffffd]h8m6[0xffffff9c]T[0xffffffc1][0xfffffff2][0xffffffa7][0xffffff91]z_[0xffffff95]o85p[0x1c][0x13][0xffffffe6][0xfffffff0]5[0xffffffee][0xfffffffc][0xffffff92][0xffffff96][0xffffffda][0xfffffff7][0xffffffcf][0xffffffb1][0x5][0x1d][0xffffffea]K[0xffffff9b]9[0xffffff8e][0xffffffad]e[0xfffffff7][0xffffff93][0xffffffa8]`[0xffffffda][0xffffffff][0x1a][0xffffffd2][0xffffff88][0xffffff85][0xfffffffd][0xfffffff2][0xffffff91]N[0xfffffff6]`[0xffffffdf]2[0xffffffcf][0xffffffae]E[0xffffff97][0xffffffc5][0xffffffa2][0xffffff9d][0xffffffef]&apos;[0xffffff9d]mun.[0xffffffd3]f^[0xffffffc7][0xffffff82][0xffffffda][0xffffff82]9[0xfffffff5][0xffffffa9]`[0x5][0xffffffbc]4[0xffffffa1][0x1d]&lt;M[0xffffffb5]A[0xffffffa7]3[[0xffffffc0][0x7f][0x0][0xffffffc1][0xffffffd0]$[0xffffff85][0x1d][\r][0x0][0x0]&quot;
16:05:08.200 [main] DEBUG o.a.h.c.h.i.c.InternalHttpClient - ep-0000000003 releasing valid endpoint
16:05:08.200 [main] DEBUG o.a.h.c.h.i.i.PoolingHttpClientConnectionManager - ep-0000000003 releasing endpoint
16:05:08.201 [main] DEBUG o.a.h.c.h.i.i.PoolingHttpClientConnectionManager - ep-0000000003 connection http-outgoing-2 can be kept alive for 3 MINUTES
16:05:08.202 [main] DEBUG o.a.h.c.h.i.i.PoolingHttpClientConnectionManager - ep-0000000003 connection released [route: {s}-&gt;https://raw.githubusercontent.com:443][total available: 1; route allocated: 1 of 5; total allocated: 1 of 25]
</system-out>
  </testcase>
  <testcase classname="TestCases.TestCase3" name="test3" time="0.296">
    <error message="Cannot invoke &quot;org.openqa.selenium.WebDriver.quit()&quot; because &quot;TestCases.TestCase3.driver&quot; is null" type="java.lang.NullPointerException">java.lang.NullPointerException: Cannot invoke &quot;org.openqa.selenium.WebDriver.quit()&quot; because &quot;TestCases.TestCase3.driver&quot; is null
	at TestCases.TestCase3.teardown(TestCase3.java:52)
	at java.base/jdk.internal.reflect.DirectMethodHandleAccessor.invoke(DirectMethodHandleAccessor.java:104)
	at java.base/java.lang.reflect.Method.invoke(Method.java:577)
	at org.junit.runners.model.FrameworkMethod$1.runReflectiveCall(FrameworkMethod.java:44)
	at org.junit.internal.runners.model.ReflectiveCallable.run(ReflectiveCallable.java:15)
	at org.junit.runners.model.FrameworkMethod.invokeExplosively(FrameworkMethod.java:41)
	at org.junit.internal.runners.statements.RunAfters.evaluate(RunAfters.java:37)
	at org.junit.runners.BlockJUnit4ClassRunner.runNotIgnored(BlockJUnit4ClassRunner.java:79)
	at org.junit.runners.BlockJUnit4ClassRunner.runChild(BlockJUnit4ClassRunner.java:71)
	at org.junit.runners.BlockJUnit4ClassRunner.runChild(BlockJUnit4ClassRunner.java:49)
	at org.junit.runners.ParentRunner$3.run(ParentRunner.java:193)
	at org.junit.runners.ParentRunner$1.schedule(ParentRunner.java:52)
	at org.junit.runners.ParentRunner.runChildren(ParentRunner.java:191)
	at org.junit.runners.ParentRunner.access$000(ParentRunner.java:42)
	at org.junit.runners.ParentRunner$2.evaluate(ParentRunner.java:184)
	at org.junit.runners.ParentRunner.run(ParentRunner.java:236)
	at org.apache.maven.surefire.junit4.JUnit4Provider.execute(JUnit4Provider.java:252)
	at org.apache.maven.surefire.junit4.JUnit4Provider.executeTestSet(JUnit4Provider.java:141)
	at org.apache.maven.surefire.junit4.JUnit4Provider.invoke(JUnit4Provider.java:112)
	at java.base/jdk.internal.reflect.DirectMethodHandleAccessor.invoke(DirectMethodHandleAccessor.java:104)
	at java.base/java.lang.reflect.Method.invoke(Method.java:577)
	at org.apache.maven.surefire.util.ReflectionUtils.invokeMethodWithArray(ReflectionUtils.java:189)
	at org.apache.maven.surefire.booter.ProviderFactory$ProviderProxy.invoke(ProviderFactory.java:165)
	at org.apache.maven.surefire.booter.ProviderFactory.invokeProvider(ProviderFactory.java:85)
	at org.apache.maven.surefire.booter.ForkedBooter.runSuitesInProcess(ForkedBooter.java:115)
	at org.apache.maven.surefire.booter.ForkedBooter.main(ForkedBooter.java:75)
</error>
  </testcase>
</testsuite>